2025-03-10 22:17:58.065 - ---Start sys.tem.cloudservice.controller.CloudControllerTest ---
2025-03-10 22:17:59.638 - Выгрузка списка файлов
2025-03-10 22:17:59.785 - Отправка файла test.text
2025-03-10 22:17:59.785 - Файл test.text успешно отправлен
2025-03-10 22:17:59.809 - Загрузка файла originName
2025-03-10 22:17:59.810 - Файл originName успешно загружен
2025-03-10 22:17:59.818 - Переименование файла test.text
2025-03-10 22:17:59.819 - Файл test.text успешно переименован
2025-03-10 22:17:59.825 - Удаление файла test.text
2025-03-10 22:17:59.826 - Файл test.text успешно удален
2025-03-10 22:17:59.836 - ---End sys.tem.cloudservice.controller.CloudControllerTest ---
2025-03-10 22:17:59.862 - ---Start sys.tem.cloudservice.security.service.AuthServiceTest ---
2025-03-10 22:18:00.342 - Пользователь ,,user@user.ru,, авторизован
2025-03-10 22:18:00.365 - Не корректные данные авторизации пользователя ,,user@user.ru,,
2025-03-10 22:18:00.368 - ---End sys.tem.cloudservice.security.service.AuthServiceTest ---
2025-03-10 22:18:01.231 - ---Start sys.tem.cloudservice.TestContainers ---
2025-03-10 22:18:13.501 - Запрос аутентификации user : ***
2025-03-10 22:18:13.723 - Пользователь ,,user,, авторизован
2025-03-10 22:18:13.793 - Запрос аутентификации user : ***
2025-03-10 22:18:13.861 - Не корректные данные авторизации пользователя ,,user,,
2025-03-10 22:18:13.863 - Запрос аутентификации user1 : ***
2025-03-10 22:18:13.867 - Не корректные данные авторизации пользователя ,,user1,,
2025-03-10 22:18:14.430 - ---End sys.tem.cloudservice.TestContainers ---
